#
# There is insufficient memory for the Java Runtime Environment to continue.
# Native memory allocation (malloc) failed to allocate 76176 bytes for Chunk::new
# Possible reasons:
#   The system is out of physical RAM or swap space
#   In 32 bit mode, the process size limit was hit
# Possible solutions:
#   Reduce memory load on the system
#   Increase physical memory or swap space
#   Check if swap backing store is full
#   Use 64 bit Java on a 64 bit OS
#   Decrease Java heap size (-Xmx/-Xms)
#   Decrease number of Java threads
#   Decrease Java thread stack sizes (-Xss)
#   Set larger code cache with -XX:ReservedCodeCacheSize=
# This output file may be truncated or incomplete.
#
#  Out of Memory Error (allocation.cpp:390), pid=7660, tid=0x0000000000002378
#
# JRE version: OpenJDK Runtime Environment (8.0_112-b06) (build 1.8.0_112-release-b06)
# Java VM: OpenJDK 64-Bit Server VM (25.112-b06 mixed mode windows-amd64 compressed oops)
# Failed to write core dump. Minidumps are not enabled by default on client versions of Windows
#

---------------  T H R E A D  ---------------

Current thread (0x00000000186db800):  JavaThread "C2 CompilerThread0" daemon [_thread_in_native, id=9080, stack(0x0000000018db0000,0x0000000018eb0000)]

Stack: [0x0000000018db0000,0x0000000018eb0000]
[error occurred during error reporting (printing stack bounds), id 0xc0000005]

Native frames: (J=compiled Java code, j=interpreted, Vv=VM code, C=native code)


Current CompileTask:
C2:  19553 8655       4       com.sun.org.apache.xerces.internal.impl.XMLEntityScanner::scanQName (594 bytes)


---------------  P R O C E S S  ---------------

Java Threads: ( => current thread )
  0x000000001e770000 JavaThread "Cache update executor" [_thread_blocked, id=7056, stack(0x0000000024ac0000,0x0000000024bc0000)]
  0x000000001e771000 JavaThread "Stdin handler" [_thread_blocked, id=10388, stack(0x00000000249c0000,0x0000000024ac0000)]
  0x000000001e76b800 JavaThread "Asynchronous log dispatcher for DefaultDaemonConnection: socket connection from /127.0.0.1:21313 to /127.0.0.1:21326" [_thread_blocked, id=10144, stack(0x00000000248c0000,0x00000000249c0000)]
  0x000000001e769800 JavaThread "Cancel handler" [_thread_blocked, id=9508, stack(0x00000000247c0000,0x00000000248c0000)]
  0x000000001e76b000 JavaThread "Handler for socket connection from /127.0.0.1:21313 to /127.0.0.1:21326" [_thread_in_native, id=18004, stack(0x0000000020b10000,0x0000000020c10000)]
  0x000000001a3be000 JavaThread "pool-2-thread-1" [_thread_blocked, id=11948, stack(0x000000001f550000,0x000000001f650000)]
  0x000000001a3be800 JavaThread "File lock request listener" [_thread_in_native, id=17976, stack(0x000000001ced0000,0x000000001cfd0000)]
  0x000000001a770800 JavaThread "Daemon worker" [_thread_in_native, id=10504, stack(0x000000001c8d0000,0x000000001c9d0000)]
  0x000000001a3e3000 JavaThread "pool-1-thread-1" [_thread_blocked, id=5908, stack(0x000000001c6d0000,0x000000001c7d0000)]
  0x000000001a3e4800 JavaThread "Daemon" [_thread_blocked, id=5180, stack(0x000000001c4d0000,0x000000001c5d0000)]
  0x000000001a2e8000 JavaThread "Incoming local TCP Connector on port 21313" [_thread_in_native, id=7276, stack(0x000000001bb50000,0x000000001bc50000)]
  0x0000000018769800 JavaThread "Service Thread" daemon [_thread_blocked, id=7348, stack(0x00000000191b0000,0x00000000192b0000)]
  0x00000000186e9000 JavaThread "C1 CompilerThread3" daemon [_thread_blocked, id=9860, stack(0x00000000190b0000,0x00000000191b0000)]
  0x00000000167bc800 JavaThread "C2 CompilerThread2" daemon [_thread_in_native, id=6716, stack(0x0000000018fb0000,0x00000000190b0000)]
  0x00000000186e2000 JavaThread "C2 CompilerThread1" daemon [_thread_blocked, id=14552, stack(0x0000000018eb0000,0x0000000018fb0000)]
=>0x00000000186db800 JavaThread "C2 CompilerThread0" daemon [_thread_in_native, id=9080, stack(0x0000000018db0000,0x0000000018eb0000)]
  0x00000000186d8000 JavaThread "Attach Listener" daemon [_thread_blocked, id=8136, stack(0x0000000018cb0000,0x0000000018db0000)]
  0x00000000186d7800 JavaThread "Signal Dispatcher" daemon [_thread_blocked, id=5008, stack(0x0000000018bb0000,0x0000000018cb0000)]
  0x00000000029e8800 JavaThread "Finalizer" daemon [_thread_blocked, id=14736, stack(0x0000000018ab0000,0x0000000018bb0000)]
  0x00000000167ab800 JavaThread "Reference Handler" daemon [_thread_blocked, id=18152, stack(0x00000000185b0000,0x00000000186b0000)]
  0x00000000028f1000 JavaThread "main" [_thread_blocked, id=1148, stack(0x00000000027f0000,0x00000000028f0000)]

Other Threads:
  0x00000000167a4800 VMThread [stack: 0x00000000184b0000,0x00000000185b0000] [id=18428]
  0x000000001877a000 WatcherThread [stack: 0x00000000192b0000,0x00000000193b0000] [id=6592]

VM state:not at safepoint (normal execution)

VM Mutex/Monitor currently owned by a thread: None

Heap:
 PSYoungGen      total 243200K, used 14406K [0x00000000e0000000, 0x00000000f0d00000, 0x0000000100000000)
  eden space 220160K, 6% used [0x00000000e0000000,0x00000000e0e11a20,0x00000000ed700000)
  from space 23040K, 0% used [0x00000000ef680000,0x00000000ef680000,0x00000000f0d00000)
  to   space 26624K, 0% used [0x00000000ed900000,0x00000000ed900000,0x00000000ef300000)
 ParOldGen       total 288768K, used 45883K [0x00000000a0000000, 0x00000000b1a00000, 0x00000000e0000000)
  object space 288768K, 15% used [0x00000000a0000000,0x00000000a2ccee30,0x00000000b1a00000)
 Metaspace       used 57067K, capacity 59428K, committed 59736K, reserved 1101824K
  class space    used 7692K, capacity 8197K, committed 8320K, reserved 1048576K

Card table byte_map: [0x0000000011db0000,0x00000000120c0000] byte_map_base: 0x00000000118b0000

Marking Bits: (ParMarkBitMap*) 0x000000006b9018f0
 Begin Bits: [0x0000000012ac0000, 0x00000000142c0000)
 End Bits:   [0x00000000142c0000, 0x0000000015ac0000)

Polling page: 0x0000000000e30000

CodeCache: size=245760Kb used=27555Kb max_used=27571Kb free=218204Kb
 bounds [0x00000000029f0000, 0x0000000004500000, 0x00000000119f0000]
 total_blobs=8447 nmethods=7692 adapters=666
 compilation: enabled

Compilation events (10 events):
Event: 19.542 Thread 0x00000000186e9000 nmethod 8667 0x00000000044f19d0 code [0x00000000044f1ca0, 0x00000000044f3368]
Event: 19.542 Thread 0x00000000186e9000 8673       3       com.android.ide.common.res2.ResourceSet::processNewResourceFile (42 bytes)
Event: 19.542 Thread 0x00000000186e9000 nmethod 8673 0x00000000044e7cd0 code [0x00000000044e7e60, 0x00000000044e8298]
Event: 19.542 Thread 0x00000000186e2000 8674 %     4       sun.nio.cs.UTF_8$Decoder::decode @ 51 (779 bytes)
Event: 19.543 Thread 0x00000000186e9000 8675       3       com.sun.org.apache.xerces.internal.utils.XMLSecurityPropertyManager$Property::equalsName (17 bytes)
Event: 19.543 Thread 0x00000000186e9000 nmethod 8675 0x00000000044d9cd0 code [0x00000000044d9e40, 0x00000000044da0a8]
Event: 19.547 Thread 0x00000000186e9000 8677       3       java.util.ServiceLoader::load (13 bytes)
Event: 19.547 Thread 0x00000000186e9000 nmethod 8677 0x00000000044f0790 code [0x00000000044f0980, 0x00000000044f1468]
Event: 19.548 Thread 0x00000000167bc800 nmethod 8672 0x00000000044f6fd0 code [0x00000000044f7180, 0x00000000044f78a8]
Event: 19.548 Thread 0x00000000167bc800 8676 %     4       com.android.utils.PositionXmlParser$DomBuilder::findOpeningTag @ 7 (131 bytes)

GC Heap History (10 events):
Event: 5.154 GC heap before
{Heap before GC invocations=7 (full 2):
 PSYoungGen      total 145408K, used 131584K [0x00000000e0000000, 0x00000000ea080000, 0x0000000100000000)
  eden space 131584K, 100% used [0x00000000e0000000,0x00000000e8080000,0x00000000e8080000)
  from space 13824K, 0% used [0x00000000e9300000,0x00000000e9300000,0x00000000ea080000)
  to   space 16384K, 0% used [0x00000000e8080000,0x00000000e8080000,0x00000000e9080000)
 ParOldGen       total 288768K, used 17355K [0x00000000a0000000, 0x00000000b1a00000, 0x00000000e0000000)
  object space 288768K, 6% used [0x00000000a0000000,0x00000000a10f2c90,0x00000000b1a00000)
 Metaspace       used 42788K, capacity 43704K, committed 43904K, reserved 1087488K
  class space    used 5757K, capacity 5986K, committed 6016K, reserved 1048576K
Event: 5.164 GC heap after
Heap after GC invocations=7 (full 2):
 PSYoungGen      total 147968K, used 12196K [0x00000000e0000000, 0x00000000ebd00000, 0x0000000100000000)
  eden space 131584K, 0% used [0x00000000e0000000,0x00000000e0000000,0x00000000e8080000)
  from space 16384K, 74% used [0x00000000e8080000,0x00000000e8c69218,0x00000000e9080000)
  to   space 12288K, 0% used [0x00000000eb100000,0x00000000eb100000,0x00000000ebd00000)
 ParOldGen       total 288768K, used 17363K [0x00000000a0000000, 0x00000000b1a00000, 0x00000000e0000000)
  object space 288768K, 6% used [0x00000000a0000000,0x00000000a10f4c90,0x00000000b1a00000)
 Metaspace       used 42788K, capacity 43704K, committed 43904K, reserved 1087488K
  class space    used 5757K, capacity 5986K, committed 6016K, reserved 1048576K
}
Event: 5.969 GC heap before
{Heap before GC invocations=8 (full 2):
 PSYoungGen      total 147968K, used 143780K [0x00000000e0000000, 0x00000000ebd00000, 0x0000000100000000)
  eden space 131584K, 100% used [0x00000000e0000000,0x00000000e8080000,0x00000000e8080000)
  from space 16384K, 74% used [0x00000000e8080000,0x00000000e8c69218,0x00000000e9080000)
  to   space 12288K, 0% used [0x00000000eb100000,0x00000000eb100000,0x00000000ebd00000)
 ParOldGen       total 288768K, used 17363K [0x00000000a0000000, 0x00000000b1a00000, 0x00000000e0000000)
  object space 288768K, 6% used [0x00000000a0000000,0x00000000a10f4c90,0x00000000b1a00000)
 Metaspace       used 45513K, capacity 46754K, committed 46848K, reserved 1089536K
  class space    used 6099K, capacity 6387K, committed 6400K, reserved 1048576K
Event: 5.982 GC heap after
Heap after GC invocations=8 (full 2):
 PSYoungGen      total 179200K, used 12266K [0x00000000e0000000, 0x00000000ec600000, 0x0000000100000000)
  eden space 166912K, 0% used [0x00000000e0000000,0x00000000e0000000,0x00000000ea300000)
  from space 12288K, 99% used [0x00000000eb100000,0x00000000ebcfa970,0x00000000ebd00000)
  to   space 14336K, 0% used [0x00000000ea300000,0x00000000ea300000,0x00000000eb100000)
 ParOldGen       total 288768K, used 20197K [0x00000000a0000000, 0x00000000b1a00000, 0x00000000e0000000)
  object space 288768K, 6% used [0x00000000a0000000,0x00000000a13b96e8,0x00000000b1a00000)
 Metaspace       used 45513K, capacity 46754K, committed 46848K, reserved 1089536K
  class space    used 6099K, capacity 6387K, committed 6400K, reserved 1048576K
}
Event: 7.096 GC heap before
{Heap before GC invocations=9 (full 2):
 PSYoungGen      total 179200K, used 179178K [0x00000000e0000000, 0x00000000ec600000, 0x0000000100000000)
  eden space 166912K, 100% used [0x00000000e0000000,0x00000000ea300000,0x00000000ea300000)
  from space 12288K, 99% used [0x00000000eb100000,0x00000000ebcfa970,0x00000000ebd00000)
  to   space 14336K, 0% used [0x00000000ea300000,0x00000000ea300000,0x00000000eb100000)
 ParOldGen       total 288768K, used 20197K [0x00000000a0000000, 0x00000000b1a00000, 0x00000000e0000000)
  object space 288768K, 6% used [0x00000000a0000000,0x00000000a13b96e8,0x00000000b1a00000)
 Metaspace       used 50661K, capacity 52368K, committed 52480K, reserved 1093632K
  class space    used 6967K, capacity 7363K, committed 7424K, reserved 1048576K
Event: 7.120 GC heap after
Heap after GC invocations=9 (full 2):
 PSYoungGen      total 181248K, used 14305K [0x00000000e0000000, 0x00000000f0d00000, 0x0000000100000000)
  eden space 166912K, 0% used [0x00000000e0000000,0x00000000e0000000,0x00000000ea300000)
  from space 14336K, 99% used [0x00000000ea300000,0x00000000eb0f86e0,0x00000000eb100000)
  to   space 23040K, 0% used [0x00000000ef680000,0x00000000ef680000,0x00000000f0d00000)
 ParOldGen       total 288768K, used 35339K [0x00000000a0000000, 0x00000000b1a00000, 0x00000000e0000000)
  object space 288768K, 12% used [0x00000000a0000000,0x00000000a2282ef0,0x00000000b1a00000)
 Metaspace       used 50661K, capacity 52368K, committed 52480K, reserved 1093632K
  class space    used 6967K, capacity 7363K, committed 7424K, reserved 1048576K
}
Event: 19.078 GC heap before
{Heap before GC invocations=10 (full 2):
 PSYoungGen      total 181248K, used 157294K [0x00000000e0000000, 0x00000000f0d00000, 0x0000000100000000)
  eden space 166912K, 85% used [0x00000000e0000000,0x00000000e8ba31d0,0x00000000ea300000)
  from space 14336K, 99% used [0x00000000ea300000,0x00000000eb0f86e0,0x00000000eb100000)
  to   space 23040K, 0% used [0x00000000ef680000,0x00000000ef680000,0x00000000f0d00000)
 ParOldGen       total 288768K, used 35339K [0x00000000a0000000, 0x00000000b1a00000, 0x00000000e0000000)
  object space 288768K, 12% used [0x00000000a0000000,0x00000000a2282ef0,0x00000000b1a00000)
 Metaspace       used 56613K, capacity 58980K, committed 59096K, reserved 1099776K
  class space    used 7644K, capacity 8133K, committed 8192K, reserved 1048576K
Event: 19.100 GC heap after
Heap after GC invocations=10 (full 2):
 PSYoungGen      total 243200K, used 23027K [0x00000000e0000000, 0x00000000f0d00000, 0x0000000100000000)
  eden space 220160K, 0% used [0x00000000e0000000,0x00000000e0000000,0x00000000ed700000)
  from space 23040K, 99% used [0x00000000ef680000,0x00000000f0cfcfd8,0x00000000f0d00000)
  to   space 26624K, 0% used [0x00000000ed900000,0x00000000ed900000,0x00000000ef300000)
 ParOldGen       total 288768K, used 37027K [0x00000000a0000000, 0x00000000b1a00000, 0x00000000e0000000)
  object space 288768K, 12% used [0x00000000a0000000,0x00000000a2428e20,0x00000000b1a00000)
 Metaspace       used 56613K, capacity 58980K, committed 59096K, reserved 1099776K
  class space    used 7644K, capacity 8133K, committed 8192K, reserved 1048576K
}
Event: 19.100 GC heap before
{Heap before GC invocations=11 (full 3):
 PSYoungGen      total 243200K, used 23027K [0x00000000e0000000, 0x00000000f0d00000, 0x0000000100000000)
  eden space 220160K, 0% used [0x00000000e0000000,0x00000000e0000000,0x00000000ed700000)
  from space 23040K, 99% used [0x00000000ef680000,0x00000000f0cfcfd8,0x00000000f0d00000)
  to   space 26624K, 0% used [0x00000000ed900000,0x00000000ed900000,0x00000000ef300000)
 ParOldGen       total 288768K, used 37027K [0x00000000a0000000, 0x00000000b1a00000, 0x00000000e0000000)
  object space 288768K, 12% used [0x00000000a0000000,0x00000000a2428e20,0x00000000b1a00000)
 Metaspace       used 56613K, capacity 58980K, committed 59096K, reserved 1099776K
  class space    used 7644K, capacity 8133K, committed 8192K, reserved 1048576K
Event: 19.355 GC heap after
Heap after GC invocations=11 (full 3):
 PSYoungGen      total 243200K, used 0K [0x00000000e0000000, 0x00000000f0d00000, 0x0000000100000000)
  eden space 220160K, 0% used [0x00000000e0000000,0x00000000e0000000,0x00000000ed700000)
  from space 23040K, 0% used [0x00000000ef680000,0x00000000ef680000,0x00000000f0d00000)
  to   space 26624K, 0% used [0x00000000ed900000,0x00000000ed900000,0x00000000ef300000)
 ParOldGen       total 288768K, used 45883K [0x00000000a0000000, 0x00000000b1a00000, 0x00000000e0000000)
  object space 288768K, 15% used [0x00000000a0000000,0x00000000a2ccee30,0x00000000b1a00000)
 Metaspace       used 56613K, capacity 58980K, committed 59096K, reserved 1099776K
  class space    used 7644K, capacity 8133K, committed 8192K, reserved 1048576K
}

Deoptimization events (10 events):
Event: 14.365 Thread 0x000000001a770800 Uncommon trap: reason=unstable_if action=reinterpret pc=0x00000000034851ac method=com.sun.org.apache.xerces.internal.dom.DeferredDocumentImpl.getPrevSibling(IZ)I @ 2
Event: 15.119 Thread 0x000000001e770000 Uncommon trap: reason=unstable_if action=reinterpret pc=0x0000000004371688 method=java.io.BufferedOutputStream.write([BII)V @ 35
Event: 15.124 Thread 0x000000001e770000 Uncommon trap: reason=unstable_if action=reinterpret pc=0x000000000436df6c method=java.io.BufferedOutputStream.write([BII)V @ 35
Event: 17.526 Thread 0x000000001a770800 Uncommon trap: reason=unstable_if action=reinterpret pc=0x00000000043c471c method=java.util.concurrent.ConcurrentLinkedQueue.poll()Ljava/lang/Object; @ 41
Event: 17.526 Thread 0x000000001a770800 Uncommon trap: reason=unstable_if action=reinterpret pc=0x00000000043dd114 method=java.util.concurrent.ConcurrentLinkedQueue.poll()Ljava/lang/Object; @ 30
Event: 17.657 Thread 0x000000001e770000 Uncommon trap: reason=unstable_if action=reinterpret pc=0x0000000004432c08 method=java.util.Collections.indexedBinarySearch(Ljava/util/List;Ljava/lang/Object;)I @ 61
Event: 19.355 Thread 0x00000000167ab800 Uncommon trap: reason=unstable_if action=reinterpret pc=0x0000000002fca4b4 method=java.lang.ref.Reference.tryHandlePending(Z)Z @ 20
Event: 19.381 Thread 0x000000001a770800 Uncommon trap: reason=unstable_if action=reinterpret pc=0x0000000003bdb674 method=com.sun.org.apache.xerces.internal.impl.XMLEntityScanner.scanQName(Lcom/sun/org/apache/xerces/internal/xni/QName;)Z @ 261
Event: 19.491 Thread 0x000000001a770800 Uncommon trap: reason=unstable_if action=reinterpret pc=0x0000000002d2d948 method=sun.nio.cs.UTF_8$Decoder.decode([BII[C)I @ 30
Event: 19.522 Thread 0x000000001a770800 Uncommon trap: reason=unstable_if action=reinterpret pc=0x00000000044bf42c method=com.android.utils.PositionXmlParser$DomBuilder.findOpeningTag(Lcom/android/utils/PositionXmlParser$Position;)Lcom/android/utils/PositionXmlParser$Position; @ 59

Internal exceptions (10 events):
Event: 12.952 Thread 0x000000001a770800 Exception <a 'sun/nio/fs/WindowsException'> (0x00000000e5682ab8) thrown at [C:\src\android\AOSP-openjdk\external\jetbrains\jdk\hotspot\src\share\vm\prims\jni.cpp, line 709]
Event: 12.952 Thread 0x000000001a770800 Exception <a 'sun/nio/fs/WindowsException'> (0x00000000e56837a8) thrown at [C:\src\android\AOSP-openjdk\external\jetbrains\jdk\hotspot\src\share\vm\prims\jni.cpp, line 709]
Event: 12.952 Thread 0x000000001a770800 Exception <a 'sun/nio/fs/WindowsException'> (0x00000000e56854d8) thrown at [C:\src\android\AOSP-openjdk\external\jetbrains\jdk\hotspot\src\share\vm\prims\jni.cpp, line 709]
Event: 12.952 Thread 0x000000001a770800 Exception <a 'sun/nio/fs/WindowsException'> (0x00000000e5686200) thrown at [C:\src\android\AOSP-openjdk\external\jetbrains\jdk\hotspot\src\share\vm\prims\jni.cpp, line 709]
Event: 13.779 Thread 0x000000001a770800 Exception <a 'java/lang/NoSuchMethodError': <clinit>> (0x00000000e6c23a18) thrown at [C:\src\android\AOSP-openjdk\external\jetbrains\jdk\hotspot\src\share\vm\prims\jni.cpp, line 1613]
Event: 13.781 Thread 0x000000001a770800 Exception <a 'java/lang/NoSuchMethodError': <clinit>> (0x00000000e6c31280) thrown at [C:\src\android\AOSP-openjdk\external\jetbrains\jdk\hotspot\src\share\vm\prims\jni.cpp, line 1613]
Event: 13.798 Thread 0x000000001a770800 Exception <a 'java/lang/NoSuchMethodError': <clinit>> (0x00000000e6ca3338) thrown at [C:\src\android\AOSP-openjdk\external\jetbrains\jdk\hotspot\src\share\vm\prims\jni.cpp, line 1613]
Event: 13.799 Thread 0x000000001a770800 Exception <a 'java/lang/NoSuchMethodError': <clinit>> (0x00000000e6cbc090) thrown at [C:\src\android\AOSP-openjdk\external\jetbrains\jdk\hotspot\src\share\vm\prims\jni.cpp, line 1613]
Event: 13.799 Thread 0x000000001a770800 Exception <a 'java/lang/NoSuchMethodError': <clinit>> (0x00000000e6cbdd10) thrown at [C:\src\android\AOSP-openjdk\external\jetbrains\jdk\hotspot\src\share\vm\prims\jni.cpp, line 1613]
Event: 14.353 Thread 0x000000001a770800 Implicit null exception at 0x0000000002c4c06d to 0x0000000002c4cc45

Events (10 events):
Event: 19.511 Thread 0x000000001a770800 DEOPT UNPACKING pc=0x0000000002a375bf sp=0x000000001c9cb268 mode 0
Event: 19.511 Thread 0x000000001a770800 DEOPT PACKING pc=0x00000000044a09ff sp=0x000000001c9cb590
Event: 19.511 Thread 0x000000001a770800 DEOPT UNPACKING pc=0x0000000002a375bf sp=0x000000001c9cb308 mode 0
Event: 19.520 Thread 0x000000001a770800 DEOPT PACKING pc=0x00000000044a09ff sp=0x000000001c9cb5a0
Event: 19.520 Thread 0x000000001a770800 DEOPT UNPACKING pc=0x0000000002a375bf sp=0x000000001c9cb308 mode 0
Event: 19.521 Thread 0x000000001a770800 DEOPT PACKING pc=0x00000000044a09ff sp=0x000000001c9cb770
Event: 19.521 Thread 0x000000001a770800 DEOPT UNPACKING pc=0x0000000002a375bf sp=0x000000001c9cb4e8 mode 0
Event: 19.522 Thread 0x000000001a770800 Uncommon trap: trap_request=0xffffff65 fr.pc=0x00000000044bf42c
Event: 19.522 Thread 0x000000001a770800 DEOPT PACKING pc=0x00000000044bf42c sp=0x000000001c9cb7d0
Event: 19.522 Thread 0x000000001a770800 DEOPT UNPACKING pc=0x0000000002a3556a sp=0x000000001c9cb768 mode 2


Dynamic libraries:
0x00007ff624960000 - 0x00007ff624991000 	C:\Program Files\Android\Android Studio\jre\bin\java.exe
0x00007ff991c70000 - 0x00007ff991e4b000 	C:\WINDOWS\SYSTEM32\ntdll.dll
0x00007ff97af90000 - 0x00007ff97afc3000 	C:\Program Files\AVAST Software\Avast\x64\aswhooka.dll
0x00007ff991900000 - 0x00007ff9919ae000 	C:\WINDOWS\System32\KERNEL32.DLL
0x00007ff98ef80000 - 0x00007ff98f1c9000 	C:\WINDOWS\System32\KERNELBASE.dll
0x00007ff991410000 - 0x00007ff9914b1000 	C:\WINDOWS\System32\ADVAPI32.dll
0x00007ff9919b0000 - 0x00007ff991a4d000 	C:\WINDOWS\System32\msvcrt.dll
0x00007ff991300000 - 0x00007ff991359000 	C:\WINDOWS\System32\sechost.dll
0x00007ff98f610000 - 0x00007ff98f735000 	C:\WINDOWS\System32\RPCRT4.dll
0x00007ff98f9e0000 - 0x00007ff98fb2a000 	C:\WINDOWS\System32\USER32.dll
0x00007ff98ec10000 - 0x00007ff98ec2e000 	C:\WINDOWS\System32\win32u.dll
0x00007ff98f920000 - 0x00007ff98f947000 	C:\WINDOWS\System32\GDI32.dll
0x00007ff98eda0000 - 0x00007ff98ef27000 	C:\WINDOWS\System32\gdi32full.dll
0x00007ff98ec30000 - 0x00007ff98ecca000 	C:\WINDOWS\System32\msvcp_win.dll
0x00007ff98e890000 - 0x00007ff98e986000 	C:\WINDOWS\System32\ucrtbase.dll
0x00007ff986730000 - 0x00007ff986997000 	C:\WINDOWS\WinSxS\amd64_microsoft.windows.common-controls_6595b64144ccf1df_6.0.15063.483_none_26002d27e7c744a2\COMCTL32.dll
0x00007ff98f290000 - 0x00007ff98f589000 	C:\WINDOWS\System32\combase.dll
0x00007ff98ed30000 - 0x00007ff98ed9a000 	C:\WINDOWS\System32\bcryptPrimitives.dll
0x00007ff98f9b0000 - 0x00007ff98f9dd000 	C:\WINDOWS\System32\IMM32.DLL
0x000000006b060000 - 0x000000006b132000 	C:\Program Files\Android\Android Studio\jre\jre\bin\msvcr100.dll
0x000000006b140000 - 0x000000006b97c000 	C:\Program Files\Android\Android Studio\jre\jre\bin\server\jvm.dll
0x00007ff98fb50000 - 0x00007ff98fb58000 	C:\WINDOWS\System32\PSAPI.DLL
0x00007ff985110000 - 0x00007ff985119000 	C:\WINDOWS\SYSTEM32\WSOCK32.dll
0x00007ff991a50000 - 0x00007ff991abc000 	C:\WINDOWS\System32\WS2_32.dll
0x00007ff987cc0000 - 0x00007ff987ce3000 	C:\WINDOWS\SYSTEM32\WINMM.dll
0x00007ff98a850000 - 0x00007ff98a85a000 	C:\WINDOWS\SYSTEM32\VERSION.dll
0x00007ff987b20000 - 0x00007ff987b4b000 	C:\WINDOWS\SYSTEM32\WINMMBASE.dll
0x00007ff98ef30000 - 0x00007ff98ef79000 	C:\WINDOWS\System32\cfgmgr32.dll
0x00007ff982e70000 - 0x00007ff982e7f000 	C:\Program Files\Android\Android Studio\jre\jre\bin\verify.dll
0x00007ff97a7c0000 - 0x00007ff97a7e9000 	C:\Program Files\Android\Android Studio\jre\jre\bin\java.dll
0x00007ff97b770000 - 0x00007ff97b786000 	C:\Program Files\Android\Android Studio\jre\jre\bin\zip.dll
0x00007ff98fec0000 - 0x00007ff9912f6000 	C:\WINDOWS\System32\SHELL32.dll
0x00007ff991360000 - 0x00007ff99140a000 	C:\WINDOWS\System32\shcore.dll
0x00007ff98e190000 - 0x00007ff98e881000 	C:\WINDOWS\System32\windows.storage.dll
0x00007ff98f950000 - 0x00007ff98f9a1000 	C:\WINDOWS\System32\shlwapi.dll
0x00007ff98e150000 - 0x00007ff98e161000 	C:\WINDOWS\System32\kernel.appcore.dll
0x00007ff98e100000 - 0x00007ff98e14c000 	C:\WINDOWS\System32\powrprof.dll
0x00007ff98e0e0000 - 0x00007ff98e0f5000 	C:\WINDOWS\System32\profapi.dll
0x00007ff97b020000 - 0x00007ff97b03a000 	C:\Program Files\Android\Android Studio\jre\jre\bin\net.dll
0x00007ff98d990000 - 0x00007ff98d9ec000 	C:\WINDOWS\system32\mswsock.dll
0x00007ff97adb0000 - 0x00007ff97adc1000 	C:\Program Files\Android\Android Studio\jre\jre\bin\nio.dll
0x00007ff98a860000 - 0x00007ff98a87e000 	C:\Users\Valentinas\.gradle\native\23\windows-amd64\native-platform.dll
0x00007ff98db30000 - 0x00007ff98db47000 	C:\WINDOWS\SYSTEM32\CRYPTSP.dll
0x00007ff98d5b0000 - 0x00007ff98d5e4000 	C:\WINDOWS\system32\rsaenh.dll
0x00007ff98dd80000 - 0x00007ff98dda5000 	C:\WINDOWS\SYSTEM32\bcrypt.dll
0x00007ff98e010000 - 0x00007ff98e039000 	C:\WINDOWS\SYSTEM32\USERENV.dll
0x00007ff98db50000 - 0x00007ff98db5b000 	C:\WINDOWS\SYSTEM32\CRYPTBASE.dll
0x00007ff98d730000 - 0x00007ff98d767000 	C:\WINDOWS\SYSTEM32\IPHLPAPI.DLL
0x00007ff98fb60000 - 0x00007ff98fb68000 	C:\WINDOWS\System32\NSI.dll
0x00007ff9886b0000 - 0x00007ff9886c6000 	C:\WINDOWS\SYSTEM32\dhcpcsvc6.DLL
0x00007ff9884f0000 - 0x00007ff98850a000 	C:\WINDOWS\SYSTEM32\dhcpcsvc.DLL
0x00007ff9815c0000 - 0x00007ff9815cd000 	C:\Program Files\Android\Android Studio\jre\jre\bin\management.dll

VM Arguments:
jvm_args: -Xmx1536m -Dfile.encoding=windows-1257 -Duser.country=US -Duser.language=en -Duser.variant 
java_command: org.gradle.launcher.daemon.bootstrap.GradleDaemon 3.3
java_class_path (initial): C:\Users\Valentinas\.gradle\wrapper\dists\gradle-3.3-all\55gk2rcmfc6p2dg9u9ohc3hw9\gradle-3.3\lib\gradle-launcher-3.3.jar
Launcher Type: SUN_STANDARD

Environment Variables:
PATH=C:\ProgramData\Oracle\Java\javapath;C:\Perl64\site\bin;C:\Perl64\bin;C:\Program Files (x86)\ActivePerl58\site\bin;C:\Program Files (x86)\ActivePerl58\bin;C:\Perl\site\bin;C:\Perl\bin;C:\WINDOWS\system32;C:\WINDOWS;C:\WINDOWS\System32\Wbem;C:\WINDOWS\System32\WindowsPowerShell\v1.0\;C:\CooCox\CoIDE_V2Beta\bin;C:\Program Files (x86)\Common Files\Acronis\SnapAPI\;C:\WINDOWS\system32\config\systemprofile\.dnx\bin;C:\Program Files\Microsoft DNX\Dnvm\;C:\Program Files (x86)\Windows Live\Shared;C:\Program Files\Microsoft SQL Server\120\Tools\Binn\;C:\Program Files (x86)\CryptoTech\CryptoCard\;C:\Program Files\TortoiseSVN\bin;C:\Program Files (x86)\Skype\Phone\;C:\Program Files\Git\cmd;C:\Program Files (x86)\Windows Kits\10\Windows Performance Toolkit\;C:\Program Files (x86)\Nordic Semiconductor\nrf5x\bin\;C:\Program Files\TortoiseGit\bin;C:\Users\Valentinas\AppData\Local\Microsoft\WindowsApps;
USERNAME=Valentinas
OS=Windows_NT
PROCESSOR_IDENTIFIER=Intel64 Family 6 Model 60 Stepping 3, GenuineIntel



---------------  S Y S T E M  ---------------

OS: Windows 10.0 , 64 bit Build 15063 (10.0.15063.296)

CPU:total 8 (4 cores per cpu, 2 threads per core) family 6 model 60 stepping 3, cmov, cx8, fxsr, mmx, sse, sse2, sse3, ssse3, sse4.1, sse4.2, popcnt, avx, avx2, aes, clmul, erms, lzcnt, ht, tsc, tscinvbit, bmi1, bmi2

Memory: 4k page, physical 25075208k(3301664k free), swap 26123784k(5236k free)

vm_info: OpenJDK 64-Bit Server VM (25.112-b06) for windows-amd64 JRE (1.8.0_112-release-b06), built on Dec  8 2016 00:54:26 by "builder" with MS VC++ 10.0 (VS2010)

time: Tue Oct 24 12:25:08 2017
elapsed time: 19 seconds (0d 0h 0m 19s)

